Performing C SOURCE FILE Test CMAKE_HAVE_LIBC_PTHREAD failed with the following output:
Change Dir: E:/CodeSpace/LearningHelper/go_learn/gRPC/go_rust/producer/target/debug/build/grpcio-sys-edb856ffc39f27b3/out/boringssl-build/build/CMakeFiles/CMakeTmp

Run Build Command(s):C:/Program Files (x86)/Microsoft Visual Studio/2022/BuildTools/MSBuild/Current/Bin/amd64/MSBuild.exe cmTC_982c6.vcxproj /p:Configuration=Debug /p:Platform=x64 /p:VisualStudioVersion=17.0 /v:m && MSBuild version 17.5.0+6f08c67f3 for .NET Framework

  src.c
E:\CodeSpace\LearningHelper\go_learn\gRPC\go_rust\producer\target\debug\build\grpcio-sys-edb856ffc39f27b3\out\boringssl-build\build\CMakeFiles\CMakeTmp\src.c(1,1): fatal  error C1083: 无法打开包括文件: “pthread.h”: No such file or directory [E:\CodeSpace\LearningHelper\go_learn\gRPC\go_rust\producer\target\debug\build\grpcio-sys-edb856ffc39f27b3\out\boringssl-build\build\CMakeFiles\CMakeTmp\cmTC_982c6.vcxproj]


Source file was:
#include <pthread.h>

static void* test_func(void* data)
{
  return data;
}

int main(void)
{
  pthread_t thread;
  pthread_create(&thread, NULL, test_func, NULL);
  pthread_detach(thread);
  pthread_cancel(thread);
  pthread_join(thread, NULL);
  pthread_atfork(NULL, NULL, NULL);
  pthread_exit(NULL);

  return 0;
}

Determining if the function pthread_create exists in the pthreads failed with the following output:
Change Dir: E:/CodeSpace/LearningHelper/go_learn/gRPC/go_rust/producer/target/debug/build/grpcio-sys-edb856ffc39f27b3/out/boringssl-build/build/CMakeFiles/CMakeTmp

Run Build Command(s):C:/Program Files (x86)/Microsoft Visual Studio/2022/BuildTools/MSBuild/Current/Bin/amd64/MSBuild.exe cmTC_ca653.vcxproj /p:Configuration=Debug /p:Platform=x64 /p:VisualStudioVersion=17.0 /v:m && MSBuild version 17.5.0+6f08c67f3 for .NET Framework

  CheckFunctionExists.c
LINK : fatal error LNK1104: 无法打开文件“pthreads.lib” [E:\CodeSpace\LearningHelper\go_learn\gRPC\go_rust\producer\target\debug\build\grpcio-sys-edb856ffc39f27b3\out\boringssl-build\build\CMakeFiles\CMakeTmp\cmTC_ca653.vcxproj]



Determining if the function pthread_create exists in the pthread failed with the following output:
Change Dir: E:/CodeSpace/LearningHelper/go_learn/gRPC/go_rust/producer/target/debug/build/grpcio-sys-edb856ffc39f27b3/out/boringssl-build/build/CMakeFiles/CMakeTmp

Run Build Command(s):C:/Program Files (x86)/Microsoft Visual Studio/2022/BuildTools/MSBuild/Current/Bin/amd64/MSBuild.exe cmTC_bed4b.vcxproj /p:Configuration=Debug /p:Platform=x64 /p:VisualStudioVersion=17.0 /v:m && MSBuild version 17.5.0+6f08c67f3 for .NET Framework

  CheckFunctionExists.c
LINK : fatal error LNK1104: 无法打开文件“pthread.lib” [E:\CodeSpace\LearningHelper\go_learn\gRPC\go_rust\producer\target\debug\build\grpcio-sys-edb856ffc39f27b3\out\boringssl-build\build\CMakeFiles\CMakeTmp\cmTC_bed4b.vcxproj]



